2025-05-01 13:42:17 - Failed login attempt for user user1
2025-05-01 13:43:38 - Failed login attempt for user user1
2025-05-01 13:43:44 - Failed login attempt for user user1
2025-05-01 13:43:50 - Failed login attempt for user asndjk
2025-05-01 13:44:32 - User user3 logged in successfully.
2025-05-01 13:44:38 - Exception occurred: Invalid menu option: 8
2025-05-01 13:44:46 - User user3 logged out.
2025-05-01 13:45:04 - Failed login attempt for user user3
2025-05-01 13:45:10 - User user3 logged in successfully.
2025-05-01 13:45:19 - User user3 viewed all flights.
2025-05-01 13:45:44 - User user3 searched for flights.
2025-05-01 13:45:44 - User user3 viewed flight FL042
2025-05-01 13:46:02 - User user3 searched for flights.
2025-05-01 13:46:02 - Failed to find flight asdbj
2025-05-01 13:52:36 - User user3 logged in successfully.
2025-05-01 13:52:43 - User user3 searched for flights.
2025-05-01 13:52:43 - Failed to find flight 2
2025-05-01 13:52:45 - User user3 viewed all flights.
2025-05-01 13:52:52 - User user3 searched for flights.
2025-05-01 13:52:52 - User user3 viewed flight FL039
2025-05-01 13:53:07 - User user3 searched for flights.
2025-05-01 13:53:07 - Failed to find flight habwdh
2025-05-01 13:55:17 - Failed login attempt for user user3
2025-05-01 13:55:20 - Failed login attempt for user user
2025-05-01 13:55:25 - User user3 logged in successfully.
2025-05-01 13:55:27 - User user3 logged out.
2025-05-01 13:56:09 - User user4 logged in successfully.
2025-05-01 13:56:18 - User user4 searched for flights.
2025-05-01 13:56:18 - User user4 viewed flight FL039
2025-05-01 13:56:18 - User user4 viewed flight FL039
2025-05-01 13:56:48 - Exception occurred: Invalid menu option: asdhbsd
2025-05-01 13:56:52 - User user4 searched for flights.
2025-05-01 13:56:52 - Failed to find flight ahjdhs
2025-05-01 13:58:47 - User user5 logged in successfully.
2025-05-01 13:58:49 - User user5 viewed all flights.
2025-05-01 13:58:55 - User user5 searched for flights.
2025-05-01 13:58:55 - User user5 viewed flight FL039
2025-05-01 13:58:55 - User user5 viewed flight FL039
2025-05-01 14:00:57 - User user7 logged in successfully.
2025-05-01 14:01:02 - User user7 searched for flights.
2025-05-01 14:01:02 - User user7 viewed flight FL039
2025-05-01 14:01:09 - User user7 searched for flights.
2025-05-01 14:01:09 - Failed to find flight ajksdb
2025-05-01 14:01:32 - User user8 logged in successfully.
2025-05-01 14:01:40 - User user8 searched for flights.
2025-05-01 14:01:40 - User user8 viewed flight FL039
2025-05-01 14:04:19 - User user3 logged in successfully.
2025-05-01 14:04:24 - User user3 searched for flights.
2025-05-01 14:04:24 - User user3 viewed flight FL039
2025-05-01 14:04:33 - User user3 searched for flights.
2025-05-01 14:04:33 - User user3 viewed flight FL040
2025-05-01 14:06:55 - User user3 logged in successfully.
2025-05-01 14:07:00 - User user3 viewed flight FL037
2025-05-01 14:07:13 - Failed to find flight Fasduhsaudh
2025-05-01 14:07:22 - User user3 viewed all flights.
2025-05-01 14:08:30 - User user3 searched for flights.
2025-05-01 15:24:07 - User user3 logged in successfully.
2025-05-01 15:24:11 - User user3 viewed all flights.
2025-05-01 15:24:20 - Failed to find flight Fl050
2025-05-01 15:24:43 - User user3 viewed flight FL050
2025-05-01 15:26:11 - User user3 searched for flights.
2025-05-01 15:27:16 - User user3 created a booking.
2025-05-01 15:30:04 - User user3 searched for flights.
2025-05-01 15:30:36 - User user3 created a booking.
2025-05-01 15:30:42 - User user3 viewed their bookings.
2025-05-01 15:31:20 - User user3 searched for flights.
2025-05-01 15:31:42 - User user3 created a booking.
2025-05-01 15:31:46 - User user3 viewed their bookings.
2025-05-01 15:31:50 - User user3 logged out.
2025-05-01 18:19:57 - Failed login attempt for user user1
2025-05-01 18:20:01 - User user1 logged in successfully.
2025-05-01 18:20:05 - User user1 logged out.
2025-05-01 18:23:11 - User user1 logged in successfully.
2025-05-01 18:23:21 - User user1 logged out.
2025-05-01 18:23:29 - Failed login attempt for user ashdkjahd
2025-05-01 18:23:36 - User user1 logged in successfully.
2025-05-01 18:27:44 - User user3 logged in successfully.
2025-05-01 18:27:56 - User user3 viewed flight FL050
2025-05-01 18:28:17 - User user3 searched for flights.
2025-05-01 18:28:51 - User user3 created a booking.
2025-05-01 18:28:55 - User user3 logged out.
2025-05-01 18:29:03 - User user4 logged in successfully.
2025-05-01 18:29:06 - User user4 viewed their bookings.
2025-05-01 18:29:19 - User user4 logged out.
2025-05-01 18:29:27 - User user3 logged in successfully.
2025-05-01 18:29:34 - User user3 viewed their bookings.
2025-05-01 18:31:19 - User user2 logged in successfully.
2025-05-01 18:31:38 - User user2 searched for flights.
2025-05-01 18:32:02 - User user2 created a booking.
2025-05-01 18:32:06 - User user2 viewed their bookings.
2025-05-01 18:32:23 - User user2 logged out.
2025-05-01 18:35:55 - User user3 logged in successfully.
2025-05-01 18:36:11 - User user3 searched for flights.
2025-05-01 18:36:35 - User user3 created a booking.
2025-05-01 18:36:37 - User user3 viewed their bookings.
2025-05-01 18:36:42 - User user3 logged out.
2025-05-01 18:36:49 - User user2 logged in successfully.
2025-05-01 18:36:52 - User user2 viewed their bookings.
2025-05-01 18:59:53 - User user1 logged in successfully.
2025-05-01 18:59:58 - User user1 logged out.
2025-05-01 19:00:09 - Failed login attempt for user hasbdhjsabd
2025-05-01 19:00:16 - Failed login attempt for user user1
2025-05-01 19:05:26 - Failed login attempt for user user1
2025-05-01 19:05:41 - Failed login attempt for user usreuser1
2025-05-01 19:06:17 - User user1 logged in successfully.
2025-05-01 19:06:23 - User user1 logged out.
2025-05-01 19:06:27 - Failed login attempt for user user1
2025-05-01 19:06:33 - User user1 logged in successfully.
2025-05-01 19:06:37 - User user1 logged out.
2025-05-01 19:06:44 - User user2 logged in successfully.
2025-05-01 19:06:54 - User user2 viewed flight FL050
2025-05-01 19:07:11 - User user2 searched for flights.
2025-05-01 19:07:45 - User user2 searched for flights.
2025-05-01 19:08:01 - User user2 created a booking.
2025-05-01 19:08:07 - User user2 viewed their bookings.
2025-05-01 19:08:11 - User user2 logged out.
2025-05-01 19:08:16 - User user3 logged in successfully.
2025-05-01 19:08:18 - User user3 viewed their bookings.
2025-05-01 19:11:03 - User user2 logged in successfully.
2025-05-01 19:11:26 - User user2 searched for flights.
2025-05-01 19:12:07 - User user2 logged in successfully.
2025-05-01 19:12:24 - User user2 searched for flights.
2025-05-01 19:12:44 - User user2 searched for flights.
2025-05-01 19:13:05 - User user2 created a booking.
2025-05-01 19:13:07 - User user2 viewed their bookings.
2025-05-01 19:13:10 - User user2 logged out.
2025-05-01 19:13:17 - User user4 logged in successfully.
2025-05-01 19:13:19 - User user4 viewed their bookings.
2025-05-01 19:13:48 - User user4 logged out.
2025-05-01 19:13:53 - Failed login attempt for user 7
2025-05-01 19:13:58 - User user4 logged in successfully.
2025-05-01 19:14:01 - User user4 logged out.
